[2026-02-14T18:26:54.944+0000] {local_task_job_runner.py:120} INFO - ::group::Pre task execution logs
[2026-02-14T18:26:55.035+0000] {taskinstance.py:2073} INFO - Dependencies all met for dep_context=non-requeueable deps ti=<TaskInstance: traffic_daily_peak_hour.compute_daily_peak_hour manual__2026-02-14T18:21:18.648941+00:00 [queued]>
[2026-02-14T18:26:55.128+0000] {taskinstance.py:2073} INFO - Dependencies all met for dep_context=requeueable deps ti=<TaskInstance: traffic_daily_peak_hour.compute_daily_peak_hour manual__2026-02-14T18:21:18.648941+00:00 [queued]>
[2026-02-14T18:26:55.130+0000] {taskinstance.py:2303} INFO - Starting attempt 2 of 2
[2026-02-14T18:26:55.603+0000] {taskinstance.py:2327} INFO - Executing <Task(BashOperator): compute_daily_peak_hour> on 2026-02-14 18:21:18.648941+00:00
[2026-02-14T18:26:55.621+0000] {standard_task_runner.py:63} INFO - Started process 299 to run task
[2026-02-14T18:26:55.643+0000] {standard_task_runner.py:90} INFO - Running: ['airflow', 'tasks', 'run', 'traffic_daily_peak_hour', 'compute_daily_peak_hour', 'manual__2026-02-14T18:21:18.648941+00:00', '--job-id', '12', '--raw', '--subdir', 'DAGS_FOLDER/traffic_daily_peak_hour.py', '--cfg-path', '/tmp/tmpoh4126cs']
[2026-02-14T18:26:55.650+0000] {standard_task_runner.py:91} INFO - Job 12: Subtask compute_daily_peak_hour
[2026-02-14T18:26:56.010+0000] {task_command.py:426} INFO - Running <TaskInstance: traffic_daily_peak_hour.compute_daily_peak_hour manual__2026-02-14T18:21:18.648941+00:00 [running]> on host 9248f64f8cf1
[2026-02-14T18:26:56.858+0000] {taskinstance.py:2644} INFO - Exporting env vars: AIRFLOW_CTX_DAG_OWNER='airflow' AIRFLOW_CTX_DAG_ID='traffic_daily_peak_hour' AIRFLOW_CTX_TASK_ID='compute_daily_peak_hour' AIRFLOW_CTX_EXECUTION_DATE='2026-02-14T18:21:18.648941+00:00' AIRFLOW_CTX_TRY_NUMBER='2' AIRFLOW_CTX_DAG_RUN_ID='manual__2026-02-14T18:21:18.648941+00:00'
[2026-02-14T18:26:56.861+0000] {taskinstance.py:430} INFO - ::endgroup::
[2026-02-14T18:26:56.938+0000] {subprocess.py:63} INFO - Tmp dir root location: /tmp
[2026-02-14T18:26:56.942+0000] {subprocess.py:75} INFO - Running command: ['/usr/bin/bash', '-c', 'docker compose exec spark-master spark-submit --master spark://spark-master:7077 ./spark_app/daily_peak_hour.py']
[2026-02-14T18:26:57.005+0000] {subprocess.py:86} INFO - Output:
[2026-02-14T18:26:57.266+0000] {subprocess.py:93} INFO - unknown flag: --master
[2026-02-14T18:26:57.271+0000] {subprocess.py:93} INFO - See 'docker --help'.
[2026-02-14T18:26:57.276+0000] {subprocess.py:93} INFO - 
[2026-02-14T18:26:57.295+0000] {subprocess.py:93} INFO - Usage:  docker [OPTIONS] COMMAND
[2026-02-14T18:26:57.297+0000] {subprocess.py:93} INFO - 
[2026-02-14T18:26:57.300+0000] {subprocess.py:93} INFO - A self-sufficient runtime for containers
[2026-02-14T18:26:57.302+0000] {subprocess.py:93} INFO - 
[2026-02-14T18:26:57.317+0000] {subprocess.py:93} INFO - Common Commands:
[2026-02-14T18:26:57.321+0000] {subprocess.py:93} INFO -   run         Create and run a new container from an image
[2026-02-14T18:26:57.328+0000] {subprocess.py:93} INFO -   exec        Execute a command in a running container
[2026-02-14T18:26:57.334+0000] {subprocess.py:93} INFO -   ps          List containers
[2026-02-14T18:26:57.336+0000] {subprocess.py:93} INFO -   build       Build an image from a Dockerfile
[2026-02-14T18:26:57.346+0000] {subprocess.py:93} INFO -   pull        Download an image from a registry
[2026-02-14T18:26:57.350+0000] {subprocess.py:93} INFO -   push        Upload an image to a registry
[2026-02-14T18:26:57.362+0000] {subprocess.py:93} INFO -   images      List images
[2026-02-14T18:26:57.366+0000] {subprocess.py:93} INFO -   login       Log in to a registry
[2026-02-14T18:26:57.370+0000] {subprocess.py:93} INFO -   logout      Log out from a registry
[2026-02-14T18:26:57.374+0000] {subprocess.py:93} INFO -   search      Search Docker Hub for images
[2026-02-14T18:26:57.383+0000] {subprocess.py:93} INFO -   version     Show the Docker version information
[2026-02-14T18:26:57.386+0000] {subprocess.py:93} INFO -   info        Display system-wide information
[2026-02-14T18:26:57.388+0000] {subprocess.py:93} INFO - 
[2026-02-14T18:26:57.390+0000] {subprocess.py:93} INFO - Management Commands:
[2026-02-14T18:26:57.392+0000] {subprocess.py:93} INFO -   builder     Manage builds
[2026-02-14T18:26:57.394+0000] {subprocess.py:93} INFO -   checkpoint  Manage checkpoints
[2026-02-14T18:26:57.397+0000] {subprocess.py:93} INFO -   container   Manage containers
[2026-02-14T18:26:57.401+0000] {subprocess.py:93} INFO -   context     Manage contexts
[2026-02-14T18:26:57.406+0000] {subprocess.py:93} INFO -   image       Manage images
[2026-02-14T18:26:57.408+0000] {subprocess.py:93} INFO -   manifest    Manage Docker image manifests and manifest lists
[2026-02-14T18:26:57.413+0000] {subprocess.py:93} INFO -   network     Manage networks
[2026-02-14T18:26:57.415+0000] {subprocess.py:93} INFO -   plugin      Manage plugins
[2026-02-14T18:26:57.422+0000] {subprocess.py:93} INFO -   system      Manage Docker
[2026-02-14T18:26:57.425+0000] {subprocess.py:93} INFO -   trust       Manage trust on Docker images
[2026-02-14T18:26:57.430+0000] {subprocess.py:93} INFO -   volume      Manage volumes
[2026-02-14T18:26:57.431+0000] {subprocess.py:93} INFO - 
[2026-02-14T18:26:57.432+0000] {subprocess.py:93} INFO - Swarm Commands:
[2026-02-14T18:26:57.433+0000] {subprocess.py:93} INFO -   config      Manage Swarm configs
[2026-02-14T18:26:57.435+0000] {subprocess.py:93} INFO -   node        Manage Swarm nodes
[2026-02-14T18:26:57.437+0000] {subprocess.py:93} INFO -   secret      Manage Swarm secrets
[2026-02-14T18:26:57.442+0000] {subprocess.py:93} INFO -   service     Manage Swarm services
[2026-02-14T18:26:57.448+0000] {subprocess.py:93} INFO -   stack       Manage Swarm stacks
[2026-02-14T18:26:57.456+0000] {subprocess.py:93} INFO -   swarm       Manage Swarm
[2026-02-14T18:26:57.463+0000] {subprocess.py:93} INFO - 
[2026-02-14T18:26:57.465+0000] {subprocess.py:93} INFO - Commands:
[2026-02-14T18:26:57.467+0000] {subprocess.py:93} INFO -   attach      Attach local standard input, output, and error streams to a running container
[2026-02-14T18:26:57.468+0000] {subprocess.py:93} INFO -   commit      Create a new image from a container's changes
[2026-02-14T18:26:57.472+0000] {subprocess.py:93} INFO -   cp          Copy files/folders between a container and the local filesystem
[2026-02-14T18:26:57.474+0000] {subprocess.py:93} INFO -   create      Create a new container
[2026-02-14T18:26:57.475+0000] {subprocess.py:93} INFO -   diff        Inspect changes to files or directories on a container's filesystem
[2026-02-14T18:26:57.479+0000] {subprocess.py:93} INFO -   events      Get real time events from the server
[2026-02-14T18:26:57.482+0000] {subprocess.py:93} INFO -   export      Export a container's filesystem as a tar archive
[2026-02-14T18:26:57.491+0000] {subprocess.py:93} INFO -   history     Show the history of an image
[2026-02-14T18:26:57.493+0000] {subprocess.py:93} INFO -   import      Import the contents from a tarball to create a filesystem image
[2026-02-14T18:26:57.497+0000] {subprocess.py:93} INFO -   inspect     Return low-level information on Docker objects
[2026-02-14T18:26:57.498+0000] {subprocess.py:93} INFO -   kill        Kill one or more running containers
[2026-02-14T18:26:57.500+0000] {subprocess.py:93} INFO -   load        Load an image from a tar archive or STDIN
[2026-02-14T18:26:57.501+0000] {subprocess.py:93} INFO -   logs        Fetch the logs of a container
[2026-02-14T18:26:57.502+0000] {subprocess.py:93} INFO -   pause       Pause all processes within one or more containers
[2026-02-14T18:26:57.503+0000] {subprocess.py:93} INFO -   port        List port mappings or a specific mapping for the container
[2026-02-14T18:26:57.510+0000] {subprocess.py:93} INFO -   rename      Rename a container
[2026-02-14T18:26:57.513+0000] {subprocess.py:93} INFO -   restart     Restart one or more containers
[2026-02-14T18:26:57.515+0000] {subprocess.py:93} INFO -   rm          Remove one or more containers
[2026-02-14T18:26:57.517+0000] {subprocess.py:93} INFO -   rmi         Remove one or more images
[2026-02-14T18:26:57.522+0000] {subprocess.py:93} INFO -   save        Save one or more images to a tar archive (streamed to STDOUT by default)
[2026-02-14T18:26:57.525+0000] {subprocess.py:93} INFO -   start       Start one or more stopped containers
[2026-02-14T18:26:57.527+0000] {subprocess.py:93} INFO -   stats       Display a live stream of container(s) resource usage statistics
[2026-02-14T18:26:57.529+0000] {subprocess.py:93} INFO -   stop        Stop one or more running containers
[2026-02-14T18:26:57.530+0000] {subprocess.py:93} INFO -   tag         Create a tag TARGET_IMAGE that refers to SOURCE_IMAGE
[2026-02-14T18:26:57.531+0000] {subprocess.py:93} INFO -   top         Display the running processes of a container
[2026-02-14T18:26:57.533+0000] {subprocess.py:93} INFO -   unpause     Unpause all processes within one or more containers
[2026-02-14T18:26:57.535+0000] {subprocess.py:93} INFO -   update      Update configuration of one or more containers
[2026-02-14T18:26:57.536+0000] {subprocess.py:93} INFO -   wait        Block until one or more containers stop, then print their exit codes
[2026-02-14T18:26:57.537+0000] {subprocess.py:93} INFO - 
[2026-02-14T18:26:57.538+0000] {subprocess.py:93} INFO - Global Options:
[2026-02-14T18:26:57.538+0000] {subprocess.py:93} INFO -       --config string      Location of client config files (default
[2026-02-14T18:26:57.539+0000] {subprocess.py:93} INFO -                            "/home/airflow/.docker")
[2026-02-14T18:26:57.546+0000] {subprocess.py:93} INFO -   -c, --context string     Name of the context to use to connect to the
[2026-02-14T18:26:57.550+0000] {subprocess.py:93} INFO -                            daemon (overrides DOCKER_HOST env var and
[2026-02-14T18:26:57.558+0000] {subprocess.py:93} INFO -                            default context set with "docker context use")
[2026-02-14T18:26:57.562+0000] {subprocess.py:93} INFO -   -D, --debug              Enable debug mode
[2026-02-14T18:26:57.563+0000] {subprocess.py:93} INFO -   -H, --host list          Daemon socket to connect to
[2026-02-14T18:26:57.565+0000] {subprocess.py:93} INFO -   -l, --log-level string   Set the logging level ("debug", "info",
[2026-02-14T18:26:57.567+0000] {subprocess.py:93} INFO -                            "warn", "error", "fatal") (default "info")
[2026-02-14T18:26:57.568+0000] {subprocess.py:93} INFO -       --tls                Use TLS; implied by --tlsverify
[2026-02-14T18:26:57.569+0000] {subprocess.py:93} INFO -       --tlscacert string   Trust certs signed only by this CA (default
[2026-02-14T18:26:57.570+0000] {subprocess.py:93} INFO -                            "/home/airflow/.docker/ca.pem")
[2026-02-14T18:26:57.571+0000] {subprocess.py:93} INFO -       --tlscert string     Path to TLS certificate file (default
[2026-02-14T18:26:57.572+0000] {subprocess.py:93} INFO -                            "/home/airflow/.docker/cert.pem")
[2026-02-14T18:26:57.573+0000] {subprocess.py:93} INFO -       --tlskey string      Path to TLS key file (default
[2026-02-14T18:26:57.574+0000] {subprocess.py:93} INFO -                            "/home/airflow/.docker/key.pem")
[2026-02-14T18:26:57.576+0000] {subprocess.py:93} INFO -       --tlsverify          Use TLS and verify the remote
[2026-02-14T18:26:57.578+0000] {subprocess.py:93} INFO -   -v, --version            Print version information and quit
[2026-02-14T18:26:57.584+0000] {subprocess.py:93} INFO - 
[2026-02-14T18:26:57.585+0000] {subprocess.py:93} INFO - Run 'docker COMMAND --help' for more information on a command.
[2026-02-14T18:26:57.587+0000] {subprocess.py:93} INFO - 
[2026-02-14T18:26:57.588+0000] {subprocess.py:93} INFO - For more help on how to use Docker, head to https://docs.docker.com/go/guides/
[2026-02-14T18:26:57.592+0000] {subprocess.py:93} INFO - 
[2026-02-14T18:26:57.595+0000] {subprocess.py:97} INFO - Command exited with return code 125
[2026-02-14T18:26:57.597+0000] {taskinstance.py:441} INFO - ::group::Post task execution logs
[2026-02-14T18:26:57.643+0000] {taskinstance.py:2890} ERROR - Task failed with exception
Traceback (most recent call last):
  File "/home/airflow/.local/lib/python3.12/site-packages/airflow/models/taskinstance.py", line 465, in _execute_task
    result = _execute_callable(context=context, **execute_callable_kwargs)
             ^^^^^^^^^^^^^^^^^^^^^^^^^^^^^^^^^^^^^^^^^^^^^^^^^^^^^^^^^^^^^
  File "/home/airflow/.local/lib/python3.12/site-packages/airflow/models/taskinstance.py", line 432, in _execute_callable
    return execute_callable(context=context, **execute_callable_kwargs)
           ^^^^^^^^^^^^^^^^^^^^^^^^^^^^^^^^^^^^^^^^^^^^^^^^^^^^^^^^^^^^
  File "/home/airflow/.local/lib/python3.12/site-packages/airflow/models/baseoperator.py", line 400, in wrapper
    return func(self, *args, **kwargs)
           ^^^^^^^^^^^^^^^^^^^^^^^^^^^
  File "/home/airflow/.local/lib/python3.12/site-packages/airflow/operators/bash.py", line 243, in execute
    raise AirflowException(
airflow.exceptions.AirflowException: Bash command failed. The command returned a non-zero exit code 125.
[2026-02-14T18:26:57.669+0000] {taskinstance.py:1205} INFO - Marking task as FAILED. dag_id=traffic_daily_peak_hour, task_id=compute_daily_peak_hour, execution_date=20260214T182118, start_date=20260214T182655, end_date=20260214T182657
[2026-02-14T18:26:57.821+0000] {standard_task_runner.py:110} ERROR - Failed to execute job 12 for task compute_daily_peak_hour (Bash command failed. The command returned a non-zero exit code 125.; 299)
[2026-02-14T18:26:57.868+0000] {local_task_job_runner.py:240} INFO - Task exited with return code 1
[2026-02-14T18:26:57.932+0000] {taskinstance.py:3482} INFO - 0 downstream tasks scheduled from follow-on schedule check
[2026-02-14T18:26:57.940+0000] {local_task_job_runner.py:222} INFO - ::endgroup::
