[2026-02-14T17:05:58.646+0000] {local_task_job_runner.py:120} INFO - ::group::Pre task execution logs
[2026-02-14T17:05:58.700+0000] {taskinstance.py:2073} INFO - Dependencies all met for dep_context=non-requeueable deps ti=<TaskInstance: traffic_daily_peak_hour.compute_daily_peak_hour manual__2026-02-14T17:00:24.044077+00:00 [queued]>
[2026-02-14T17:05:58.720+0000] {taskinstance.py:2073} INFO - Dependencies all met for dep_context=requeueable deps ti=<TaskInstance: traffic_daily_peak_hour.compute_daily_peak_hour manual__2026-02-14T17:00:24.044077+00:00 [queued]>
[2026-02-14T17:05:58.720+0000] {taskinstance.py:2303} INFO - Starting attempt 2 of 2
[2026-02-14T17:05:59.109+0000] {taskinstance.py:2327} INFO - Executing <Task(BashOperator): compute_daily_peak_hour> on 2026-02-14 17:00:24.044077+00:00
[2026-02-14T17:05:59.118+0000] {standard_task_runner.py:63} INFO - Started process 109 to run task
[2026-02-14T17:05:59.126+0000] {standard_task_runner.py:90} INFO - Running: ['airflow', 'tasks', 'run', 'traffic_daily_peak_hour', 'compute_daily_peak_hour', 'manual__2026-02-14T17:00:24.044077+00:00', '--job-id', '10', '--raw', '--subdir', 'DAGS_FOLDER/traffic_daily_peak_hour.py', '--cfg-path', '/tmp/tmp643c6t9y']
[2026-02-14T17:05:59.133+0000] {standard_task_runner.py:91} INFO - Job 10: Subtask compute_daily_peak_hour
[2026-02-14T17:05:59.469+0000] {task_command.py:426} INFO - Running <TaskInstance: traffic_daily_peak_hour.compute_daily_peak_hour manual__2026-02-14T17:00:24.044077+00:00 [running]> on host 9248f64f8cf1
[2026-02-14T17:06:00.080+0000] {taskinstance.py:2644} INFO - Exporting env vars: AIRFLOW_CTX_DAG_OWNER='airflow' AIRFLOW_CTX_DAG_ID='traffic_daily_peak_hour' AIRFLOW_CTX_TASK_ID='compute_daily_peak_hour' AIRFLOW_CTX_EXECUTION_DATE='2026-02-14T17:00:24.044077+00:00' AIRFLOW_CTX_TRY_NUMBER='2' AIRFLOW_CTX_DAG_RUN_ID='manual__2026-02-14T17:00:24.044077+00:00'
[2026-02-14T17:06:00.087+0000] {taskinstance.py:430} INFO - ::endgroup::
[2026-02-14T17:06:00.144+0000] {subprocess.py:63} INFO - Tmp dir root location: /tmp
[2026-02-14T17:06:00.146+0000] {subprocess.py:75} INFO - Running command: ['/usr/bin/bash', '-c', 'docker compose exec spark-master spark-submit --master spark://spark-master:7077 ./spark_app/daily_peak_hour.py']
[2026-02-14T17:06:00.166+0000] {subprocess.py:86} INFO - Output:
[2026-02-14T17:06:00.211+0000] {subprocess.py:93} INFO - unknown flag: --master
[2026-02-14T17:06:00.212+0000] {subprocess.py:93} INFO - See 'docker --help'.
[2026-02-14T17:06:00.213+0000] {subprocess.py:93} INFO - 
[2026-02-14T17:06:00.214+0000] {subprocess.py:93} INFO - Usage:  docker [OPTIONS] COMMAND
[2026-02-14T17:06:00.215+0000] {subprocess.py:93} INFO - 
[2026-02-14T17:06:00.216+0000] {subprocess.py:93} INFO - A self-sufficient runtime for containers
[2026-02-14T17:06:00.217+0000] {subprocess.py:93} INFO - 
[2026-02-14T17:06:00.217+0000] {subprocess.py:93} INFO - Common Commands:
[2026-02-14T17:06:00.218+0000] {subprocess.py:93} INFO -   run         Create and run a new container from an image
[2026-02-14T17:06:00.219+0000] {subprocess.py:93} INFO -   exec        Execute a command in a running container
[2026-02-14T17:06:00.219+0000] {subprocess.py:93} INFO -   ps          List containers
[2026-02-14T17:06:00.220+0000] {subprocess.py:93} INFO -   build       Build an image from a Dockerfile
[2026-02-14T17:06:00.221+0000] {subprocess.py:93} INFO -   pull        Download an image from a registry
[2026-02-14T17:06:00.222+0000] {subprocess.py:93} INFO -   push        Upload an image to a registry
[2026-02-14T17:06:00.222+0000] {subprocess.py:93} INFO -   images      List images
[2026-02-14T17:06:00.223+0000] {subprocess.py:93} INFO -   login       Log in to a registry
[2026-02-14T17:06:00.224+0000] {subprocess.py:93} INFO -   logout      Log out from a registry
[2026-02-14T17:06:00.225+0000] {subprocess.py:93} INFO -   search      Search Docker Hub for images
[2026-02-14T17:06:00.225+0000] {subprocess.py:93} INFO -   version     Show the Docker version information
[2026-02-14T17:06:00.226+0000] {subprocess.py:93} INFO -   info        Display system-wide information
[2026-02-14T17:06:00.226+0000] {subprocess.py:93} INFO - 
[2026-02-14T17:06:00.227+0000] {subprocess.py:93} INFO - Management Commands:
[2026-02-14T17:06:00.227+0000] {subprocess.py:93} INFO -   builder     Manage builds
[2026-02-14T17:06:00.228+0000] {subprocess.py:93} INFO -   checkpoint  Manage checkpoints
[2026-02-14T17:06:00.228+0000] {subprocess.py:93} INFO -   container   Manage containers
[2026-02-14T17:06:00.229+0000] {subprocess.py:93} INFO -   context     Manage contexts
[2026-02-14T17:06:00.229+0000] {subprocess.py:93} INFO -   image       Manage images
[2026-02-14T17:06:00.230+0000] {subprocess.py:93} INFO -   manifest    Manage Docker image manifests and manifest lists
[2026-02-14T17:06:00.231+0000] {subprocess.py:93} INFO -   network     Manage networks
[2026-02-14T17:06:00.232+0000] {subprocess.py:93} INFO -   plugin      Manage plugins
[2026-02-14T17:06:00.233+0000] {subprocess.py:93} INFO -   system      Manage Docker
[2026-02-14T17:06:00.234+0000] {subprocess.py:93} INFO -   trust       Manage trust on Docker images
[2026-02-14T17:06:00.234+0000] {subprocess.py:93} INFO -   volume      Manage volumes
[2026-02-14T17:06:00.235+0000] {subprocess.py:93} INFO - 
[2026-02-14T17:06:00.236+0000] {subprocess.py:93} INFO - Swarm Commands:
[2026-02-14T17:06:00.237+0000] {subprocess.py:93} INFO -   config      Manage Swarm configs
[2026-02-14T17:06:00.237+0000] {subprocess.py:93} INFO -   node        Manage Swarm nodes
[2026-02-14T17:06:00.238+0000] {subprocess.py:93} INFO -   secret      Manage Swarm secrets
[2026-02-14T17:06:00.238+0000] {subprocess.py:93} INFO -   service     Manage Swarm services
[2026-02-14T17:06:00.239+0000] {subprocess.py:93} INFO -   stack       Manage Swarm stacks
[2026-02-14T17:06:00.240+0000] {subprocess.py:93} INFO -   swarm       Manage Swarm
[2026-02-14T17:06:00.240+0000] {subprocess.py:93} INFO - 
[2026-02-14T17:06:00.241+0000] {subprocess.py:93} INFO - Commands:
[2026-02-14T17:06:00.241+0000] {subprocess.py:93} INFO -   attach      Attach local standard input, output, and error streams to a running container
[2026-02-14T17:06:00.242+0000] {subprocess.py:93} INFO -   commit      Create a new image from a container's changes
[2026-02-14T17:06:00.242+0000] {subprocess.py:93} INFO -   cp          Copy files/folders between a container and the local filesystem
[2026-02-14T17:06:00.243+0000] {subprocess.py:93} INFO -   create      Create a new container
[2026-02-14T17:06:00.244+0000] {subprocess.py:93} INFO -   diff        Inspect changes to files or directories on a container's filesystem
[2026-02-14T17:06:00.245+0000] {subprocess.py:93} INFO -   events      Get real time events from the server
[2026-02-14T17:06:00.245+0000] {subprocess.py:93} INFO -   export      Export a container's filesystem as a tar archive
[2026-02-14T17:06:00.246+0000] {subprocess.py:93} INFO -   history     Show the history of an image
[2026-02-14T17:06:00.246+0000] {subprocess.py:93} INFO -   import      Import the contents from a tarball to create a filesystem image
[2026-02-14T17:06:00.247+0000] {subprocess.py:93} INFO -   inspect     Return low-level information on Docker objects
[2026-02-14T17:06:00.247+0000] {subprocess.py:93} INFO -   kill        Kill one or more running containers
[2026-02-14T17:06:00.248+0000] {subprocess.py:93} INFO -   load        Load an image from a tar archive or STDIN
[2026-02-14T17:06:00.248+0000] {subprocess.py:93} INFO -   logs        Fetch the logs of a container
[2026-02-14T17:06:00.249+0000] {subprocess.py:93} INFO -   pause       Pause all processes within one or more containers
[2026-02-14T17:06:00.250+0000] {subprocess.py:93} INFO -   port        List port mappings or a specific mapping for the container
[2026-02-14T17:06:00.251+0000] {subprocess.py:93} INFO -   rename      Rename a container
[2026-02-14T17:06:00.252+0000] {subprocess.py:93} INFO -   restart     Restart one or more containers
[2026-02-14T17:06:00.252+0000] {subprocess.py:93} INFO -   rm          Remove one or more containers
[2026-02-14T17:06:00.253+0000] {subprocess.py:93} INFO -   rmi         Remove one or more images
[2026-02-14T17:06:00.253+0000] {subprocess.py:93} INFO -   save        Save one or more images to a tar archive (streamed to STDOUT by default)
[2026-02-14T17:06:00.254+0000] {subprocess.py:93} INFO -   start       Start one or more stopped containers
[2026-02-14T17:06:00.254+0000] {subprocess.py:93} INFO -   stats       Display a live stream of container(s) resource usage statistics
[2026-02-14T17:06:00.255+0000] {subprocess.py:93} INFO -   stop        Stop one or more running containers
[2026-02-14T17:06:00.255+0000] {subprocess.py:93} INFO -   tag         Create a tag TARGET_IMAGE that refers to SOURCE_IMAGE
[2026-02-14T17:06:00.256+0000] {subprocess.py:93} INFO -   top         Display the running processes of a container
[2026-02-14T17:06:00.257+0000] {subprocess.py:93} INFO -   unpause     Unpause all processes within one or more containers
[2026-02-14T17:06:00.257+0000] {subprocess.py:93} INFO -   update      Update configuration of one or more containers
[2026-02-14T17:06:00.258+0000] {subprocess.py:93} INFO -   wait        Block until one or more containers stop, then print their exit codes
[2026-02-14T17:06:00.258+0000] {subprocess.py:93} INFO - 
[2026-02-14T17:06:00.258+0000] {subprocess.py:93} INFO - Global Options:
[2026-02-14T17:06:00.259+0000] {subprocess.py:93} INFO -       --config string      Location of client config files (default
[2026-02-14T17:06:00.260+0000] {subprocess.py:93} INFO -                            "/home/airflow/.docker")
[2026-02-14T17:06:00.260+0000] {subprocess.py:93} INFO -   -c, --context string     Name of the context to use to connect to the
[2026-02-14T17:06:00.261+0000] {subprocess.py:93} INFO -                            daemon (overrides DOCKER_HOST env var and
[2026-02-14T17:06:00.262+0000] {subprocess.py:93} INFO -                            default context set with "docker context use")
[2026-02-14T17:06:00.263+0000] {subprocess.py:93} INFO -   -D, --debug              Enable debug mode
[2026-02-14T17:06:00.264+0000] {subprocess.py:93} INFO -   -H, --host list          Daemon socket to connect to
[2026-02-14T17:06:00.265+0000] {subprocess.py:93} INFO -   -l, --log-level string   Set the logging level ("debug", "info",
[2026-02-14T17:06:00.265+0000] {subprocess.py:93} INFO -                            "warn", "error", "fatal") (default "info")
[2026-02-14T17:06:00.266+0000] {subprocess.py:93} INFO -       --tls                Use TLS; implied by --tlsverify
[2026-02-14T17:06:00.266+0000] {subprocess.py:93} INFO -       --tlscacert string   Trust certs signed only by this CA (default
[2026-02-14T17:06:00.267+0000] {subprocess.py:93} INFO -                            "/home/airflow/.docker/ca.pem")
[2026-02-14T17:06:00.268+0000] {subprocess.py:93} INFO -       --tlscert string     Path to TLS certificate file (default
[2026-02-14T17:06:00.269+0000] {subprocess.py:93} INFO -                            "/home/airflow/.docker/cert.pem")
[2026-02-14T17:06:00.269+0000] {subprocess.py:93} INFO -       --tlskey string      Path to TLS key file (default
[2026-02-14T17:06:00.270+0000] {subprocess.py:93} INFO -                            "/home/airflow/.docker/key.pem")
[2026-02-14T17:06:00.270+0000] {subprocess.py:93} INFO -       --tlsverify          Use TLS and verify the remote
[2026-02-14T17:06:00.271+0000] {subprocess.py:93} INFO -   -v, --version            Print version information and quit
[2026-02-14T17:06:00.271+0000] {subprocess.py:93} INFO - 
[2026-02-14T17:06:00.272+0000] {subprocess.py:93} INFO - Run 'docker COMMAND --help' for more information on a command.
[2026-02-14T17:06:00.273+0000] {subprocess.py:93} INFO - 
[2026-02-14T17:06:00.273+0000] {subprocess.py:93} INFO - For more help on how to use Docker, head to https://docs.docker.com/go/guides/
[2026-02-14T17:06:00.273+0000] {subprocess.py:93} INFO - 
[2026-02-14T17:06:00.274+0000] {subprocess.py:97} INFO - Command exited with return code 125
[2026-02-14T17:06:00.275+0000] {taskinstance.py:441} INFO - ::group::Post task execution logs
[2026-02-14T17:06:00.294+0000] {taskinstance.py:2890} ERROR - Task failed with exception
Traceback (most recent call last):
  File "/home/airflow/.local/lib/python3.12/site-packages/airflow/models/taskinstance.py", line 465, in _execute_task
    result = _execute_callable(context=context, **execute_callable_kwargs)
             ^^^^^^^^^^^^^^^^^^^^^^^^^^^^^^^^^^^^^^^^^^^^^^^^^^^^^^^^^^^^^
  File "/home/airflow/.local/lib/python3.12/site-packages/airflow/models/taskinstance.py", line 432, in _execute_callable
    return execute_callable(context=context, **execute_callable_kwargs)
           ^^^^^^^^^^^^^^^^^^^^^^^^^^^^^^^^^^^^^^^^^^^^^^^^^^^^^^^^^^^^
  File "/home/airflow/.local/lib/python3.12/site-packages/airflow/models/baseoperator.py", line 400, in wrapper
    return func(self, *args, **kwargs)
           ^^^^^^^^^^^^^^^^^^^^^^^^^^^
  File "/home/airflow/.local/lib/python3.12/site-packages/airflow/operators/bash.py", line 243, in execute
    raise AirflowException(
airflow.exceptions.AirflowException: Bash command failed. The command returned a non-zero exit code 125.
[2026-02-14T17:06:00.302+0000] {taskinstance.py:1205} INFO - Marking task as FAILED. dag_id=traffic_daily_peak_hour, task_id=compute_daily_peak_hour, execution_date=20260214T170024, start_date=20260214T170558, end_date=20260214T170600
[2026-02-14T17:06:00.488+0000] {standard_task_runner.py:110} ERROR - Failed to execute job 10 for task compute_daily_peak_hour (Bash command failed. The command returned a non-zero exit code 125.; 109)
[2026-02-14T17:06:00.508+0000] {local_task_job_runner.py:240} INFO - Task exited with return code 1
[2026-02-14T17:06:00.541+0000] {taskinstance.py:3482} INFO - 0 downstream tasks scheduled from follow-on schedule check
[2026-02-14T17:06:00.543+0000] {local_task_job_runner.py:222} INFO - ::endgroup::
